

Microchip MPLAB XC8 Assembler V2.05 build -831301201 
                                                                                               Tue Jun 04 21:43:42 2024

Microchip MPLAB XC8 C Compiler v2.05 (Free license) build 20181220022703 Og1 
     1                           	processor	16F628A
     2                           	opt	pw 120
     3                           	opt	flic
     4                           	psect	idataCOMMON,global,class=CODE,delta=2
     5                           	psect	cinit,global,class=CODE,merge=1,delta=2
     6                           	psect	bssCOMMON,global,class=COMMON,space=1,delta=1
     7                           	psect	dataCOMMON,global,class=COMMON,space=1,delta=1
     8                           	psect	bssBANK0,global,class=BANK0,space=1,delta=1
     9                           	psect	cstackCOMMON,global,class=COMMON,space=1,delta=1
    10                           	psect	cstackBANK0,global,class=BANK0,space=1,delta=1
    11                           	psect	maintext,global,class=CODE,split=1,delta=2
    12                           	psect	text1,local,class=CODE,merge=1,delta=2
    13                           	psect	text2,local,class=CODE,merge=1,delta=2
    14                           	psect	text3,local,class=CODE,merge=1,delta=2,group=1
    15                           	psect	text4,local,class=CODE,merge=1,delta=2,group=1
    16                           	psect	text5,local,class=CODE,merge=1,delta=2,group=1
    17                           	psect	text6,local,class=CODE,merge=1,delta=2
    18                           	psect	intentry,global,class=CODE,delta=2
    19                           	dabs	1,0x7E,2
    20  0000                     
    21                           ; Version 2.05
    22                           ; Generated 20/12/2018 GMT
    23                           ; 
    24                           ; Copyright © 2018, Microchip Technology Inc. and its subsidiaries ("Microchip")
    25                           ; All rights reserved.
    26                           ; 
    27                           ; This software is developed by Microchip Technology Inc. and its subsidiaries ("Microch
      +                          ip").
    28                           ; 
    29                           ; Redistribution and use in source and binary forms, with or without modification, are
    30                           ; permitted provided that the following conditions are met:
    31                           ; 
    32                           ;     1. Redistributions of source code must retain the above copyright notice, this lis
      +                          t of
    33                           ;        conditions and the following disclaimer.
    34                           ; 
    35                           ;     2. Redistributions in binary form must reproduce the above copyright notice, this 
      +                          list
    36                           ;        of conditions and the following disclaimer in the documentation and/or other
    37                           ;        materials provided with the distribution.
    38                           ; 
    39                           ;     3. Microchip's name may not be used to endorse or promote products derived from th
      +                          is
    40                           ;        software without specific prior written permission.
    41                           ; 
    42                           ; THIS SOFTWARE IS PROVIDED BY MICROCHIP "AS IS" AND ANY EXPRESS OR IMPLIED WARRANTIES,
    43                           ; INCLUDING, BUT NOT LIMITED TO, THE IMPLIED WARRANTIES OF MERCHANTABILITY AND FITNESS F
      +                          OR
    44                           ; PURPOSE ARE DISCLAIMED.  IN NO EVENT SHALL MICROCHIP BE LIABLE FOR ANY DIRECT, INDIREC
      +                          T,
    45                           ; INCIDENTAL, SPECIAL, EXEMPLARY, OR CONSEQUENTIAL DAMAGES (INCLUDING BUT NOT LIMITED TO
    46                           ; PROCUREMENT OF SUBSTITUTE GOODS OR SERVICES; LOSS OF USE, DATA OR PROFITS; OR BUSINESS
    47                           ; INTERRUPTION) HOWSOEVER CAUSED AND ON ANY THEORY OF LIABILITY, WHETHER IN CONTRACT, ST
      +                          RICT
    48                           ; LIABILITY, OR TORT (INCLUDING NEGLIGENCE OR OTHERWISE) ARISING IN ANY WAY OUT OF THE U
      +                          SE OF
    49                           ; THIS SOFTWARE, EVEN IF ADVISED OF THE POSSIBILITY OF SUCH DAMAGE.
    50                           ; 
    51                           ; 
    52                           ; Code-generator required, PIC16F628A Definitions
    53                           ; 
    54                           ; SFR Addresses
    55  0000                     	;# 
    56  0001                     	;# 
    57  0002                     	;# 
    58  0003                     	;# 
    59  0004                     	;# 
    60  0005                     	;# 
    61  0006                     	;# 
    62  000A                     	;# 
    63  000B                     	;# 
    64  000C                     	;# 
    65  000E                     	;# 
    66  000E                     	;# 
    67  000F                     	;# 
    68  0010                     	;# 
    69  0011                     	;# 
    70  0012                     	;# 
    71  0015                     	;# 
    72  0015                     	;# 
    73  0016                     	;# 
    74  0017                     	;# 
    75  0018                     	;# 
    76  0019                     	;# 
    77  001A                     	;# 
    78  001F                     	;# 
    79  0081                     	;# 
    80  0085                     	;# 
    81  0086                     	;# 
    82  008C                     	;# 
    83  008E                     	;# 
    84  0092                     	;# 
    85  0098                     	;# 
    86  0099                     	;# 
    87  009A                     	;# 
    88  009B                     	;# 
    89  009C                     	;# 
    90  009D                     	;# 
    91  009F                     	;# 
    92  0000                     	;# 
    93  0001                     	;# 
    94  0002                     	;# 
    95  0003                     	;# 
    96  0004                     	;# 
    97  0005                     	;# 
    98  0006                     	;# 
    99  000A                     	;# 
   100  000B                     	;# 
   101  000C                     	;# 
   102  000E                     	;# 
   103  000E                     	;# 
   104  000F                     	;# 
   105  0010                     	;# 
   106  0011                     	;# 
   107  0012                     	;# 
   108  0015                     	;# 
   109  0015                     	;# 
   110  0016                     	;# 
   111  0017                     	;# 
   112  0018                     	;# 
   113  0019                     	;# 
   114  001A                     	;# 
   115  001F                     	;# 
   116  0081                     	;# 
   117  0085                     	;# 
   118  0086                     	;# 
   119  008C                     	;# 
   120  008E                     	;# 
   121  0092                     	;# 
   122  0098                     	;# 
   123  0099                     	;# 
   124  009A                     	;# 
   125  009B                     	;# 
   126  009C                     	;# 
   127  009D                     	;# 
   128  009F                     	;# 
   129                           
   130                           	psect	idataCOMMON
   131  029F                     __pidataCOMMON:	
   132                           
   133                           ;initializer for _status_ant
   134  029F  3401               	retlw	1
   135  02A0  3400               	retlw	0
   136  0005                     _PORTAbits	set	5
   137  0006                     _PORTB	set	6
   138  0005                     _PORTA	set	5
   139  001F                     _CMCON	set	31
   140  0001                     _TMR0	set	1
   141  0006                     _PORTBbits	set	6
   142  005F                     _GIE	set	95
   143  005E                     _PEIE	set	94
   144  005A                     _T0IF	set	90
   145  005D                     _T0IE	set	93
   146  0086                     _TRISB	set	134
   147  0085                     _TRISA	set	133
   148  0408                     _PS0	set	1032
   149  0409                     _PS1	set	1033
   150  040A                     _PS2	set	1034
   151  040B                     _PSA	set	1035
   152  040D                     _T0CS	set	1037
   153                           
   154                           ; #config settings
   155  0000                     
   156                           	psect	cinit
   157  000B                     start_initialization:	
   158  000B                     __initialization:	
   159                           
   160                           ; Initialize objects allocated to COMMON
   161  000B  229F               	fcall	__pidataCOMMON	;fetch initializer
   162  000C  00F7               	movwf	__pdataCOMMON& (0+127)
   163  000D  22A0               	fcall	__pidataCOMMON+1	;fetch initializer
   164  000E  00F8               	movwf	(__pdataCOMMON+1)& (0+127)
   165                           
   166                           ; Clear objects allocated to BANK0
   167  000F  01B4               	clrf	__pbssBANK0& (0+127)
   168  0010  01B5               	clrf	(__pbssBANK0+1)& (0+127)
   169  0011  01B6               	clrf	(__pbssBANK0+2)& (0+127)
   170  0012  01B7               	clrf	(__pbssBANK0+3)& (0+127)
   171  0013  01B8               	clrf	(__pbssBANK0+4)& (0+127)
   172  0014  01B9               	clrf	(__pbssBANK0+5)& (0+127)
   173                           
   174                           ; Clear objects allocated to COMMON
   175  0015  01F9               	clrf	__pbssCOMMON& (0+127)
   176  0016                     end_of_initialization:	
   177                           ;End of C runtime variable initialization code
   178                           
   179  0016                     __end_of__initialization:	
   180  0016  0183               	clrf	3
   181  0017  2A81               	ljmp	_main	;jump to C main() function
   182                           
   183                           	psect	bssCOMMON
   184  0079                     __pbssCOMMON:	
   185  0079                     _flag:	
   186  0079                     	ds	1
   187                           
   188                           	psect	dataCOMMON
   189  0077                     __pdataCOMMON:	
   190  0077                     _status_ant:	
   191  0077                     	ds	2
   192                           
   193                           	psect	bssBANK0
   194  0034                     __pbssBANK0:	
   195  0034                     _valor_final:	
   196  0034                     	ds	2
   197  0036                     _estouro_timer0:	
   198  0036                     	ds	2
   199  0038                     _cont:	
   200  0038                     	ds	2
   201                           
   202                           	psect	cstackCOMMON
   203  0070                     __pcstackCOMMON:	
   204  0070                     ?_config:	
   205  0070                     ?_main:	
   206                           ; 1 bytes @ 0x0
   207                           
   208  0070                     ?_myi:	
   209                           ; 1 bytes @ 0x0
   210                           
   211  0070                     ??_myi:	
   212                           ; 1 bytes @ 0x0
   213                           
   214                           
   215                           ; 1 bytes @ 0x0
   216  0070                     	ds	4
   217  0074                     ??___awdiv:	
   218  0074                     ??___lwdiv:	
   219                           ; 1 bytes @ 0x4
   220                           
   221                           
   222                           ; 1 bytes @ 0x4
   223  0074                     	ds	1
   224  0075                     ??___lwmod:	
   225                           
   226                           ; 1 bytes @ 0x5
   227  0075                     	ds	1
   228  0076                     ___lwmod@counter:	
   229                           
   230                           ; 1 bytes @ 0x6
   231  0076                     	ds	1
   232  0077                     ??_config:	
   233  0077                     ??_main:	
   234                           ; 1 bytes @ 0x7
   235                           
   236                           
   237                           	psect	cstackBANK0
   238  0020                     __pcstackBANK0:	
   239                           ; 1 bytes @ 0x7
   240                           
   241  0020                     ?___awdiv:	
   242  0020                     ?___lwdiv:	
   243                           ; 2 bytes @ 0x0
   244                           
   245  0020                     ___awdiv@divisor:	
   246                           ; 2 bytes @ 0x0
   247                           
   248  0020                     ___lwdiv@divisor:	
   249                           ; 2 bytes @ 0x0
   250                           
   251                           
   252                           ; 2 bytes @ 0x0
   253  0020                     	ds	2
   254  0022                     ___awdiv@dividend:	
   255  0022                     ___lwdiv@dividend:	
   256                           ; 2 bytes @ 0x2
   257                           
   258                           
   259                           ; 2 bytes @ 0x2
   260  0022                     	ds	2
   261  0024                     ___awdiv@counter:	
   262  0024                     ___lwdiv@counter:	
   263                           ; 1 bytes @ 0x4
   264                           
   265                           
   266                           ; 1 bytes @ 0x4
   267  0024                     	ds	1
   268  0025                     ___awdiv@sign:	
   269  0025                     ___lwdiv@quotient:	
   270                           ; 1 bytes @ 0x5
   271                           
   272                           
   273                           ; 2 bytes @ 0x5
   274  0025                     	ds	1
   275  0026                     ___awdiv@quotient:	
   276                           
   277                           ; 2 bytes @ 0x6
   278  0026                     	ds	1
   279  0027                     ?___lwmod:	
   280  0027                     ___lwmod@divisor:	
   281                           ; 2 bytes @ 0x7
   282                           
   283                           
   284                           ; 2 bytes @ 0x7
   285  0027                     	ds	2
   286  0029                     ___lwmod@dividend:	
   287                           
   288                           ; 2 bytes @ 0x9
   289  0029                     	ds	2
   290  002B                     ?_atualiza_displays:	
   291  002B                     atualiza_displays@valor:	
   292                           ; 1 bytes @ 0xB
   293                           
   294                           
   295                           ; 2 bytes @ 0xB
   296  002B                     	ds	2
   297  002D                     ??_atualiza_displays:	
   298                           
   299                           ; 1 bytes @ 0xD
   300  002D                     	ds	4
   301  0031                     atualiza_displays@unidades:	
   302                           
   303                           ; 1 bytes @ 0x11
   304  0031                     	ds	1
   305  0032                     atualiza_displays@dezenas:	
   306                           
   307                           ; 1 bytes @ 0x12
   308  0032                     	ds	1
   309  0033                     atualiza_displays@centenas:	
   310                           
   311                           ; 1 bytes @ 0x13
   312  0033                     	ds	1
   313                           
   314                           	psect	maintext
   315  0281                     __pmaintext:	
   316 ;;
   317 ;;Main: autosize = 0, tempsize = 0, incstack = 0, save=0
   318 ;;
   319 ;; *************** function _main *****************
   320 ;; Defined at:
   321 ;;		line 55 in file "projeto_ins_mic.c"
   322 ;; Parameters:    Size  Location     Type
   323 ;;		None
   324 ;; Auto vars:     Size  Location     Type
   325 ;;		None
   326 ;; Return value:  Size  Location     Type
   327 ;;                  1    wreg      void 
   328 ;; Registers used:
   329 ;;		wreg, status,2, status,0, pclath, cstack
   330 ;; Tracked objects:
   331 ;;		On entry : B00/0
   332 ;;		On exit  : 0/0
   333 ;;		Unchanged: 0/0
   334 ;; Data sizes:     COMMON   BANK0   BANK1   BANK2
   335 ;;      Params:         0       0       0       0
   336 ;;      Locals:         0       0       0       0
   337 ;;      Temps:          0       0       0       0
   338 ;;      Totals:         0       0       0       0
   339 ;;Total ram usage:        0 bytes
   340 ;; Hardware stack levels required when called:    4
   341 ;; This function calls:
   342 ;;		_atualiza_displays
   343 ;;		_config
   344 ;; This function is called by:
   345 ;;		Startup code after reset
   346 ;; This function uses a non-reentrant model
   347 ;;
   348                           
   349                           
   350                           ;psect for function _main
   351  0281                     _main:	
   352                           
   353                           ;projeto_ins_mic.c: 56:     config();
   354                           
   355                           ;incstack = 0
   356                           ; Regs used in _main: [wreg+status,2+status,0+pclath+cstack]
   357  0281  225F               	fcall	_config
   358  0282                     l1122:	
   359                           
   360                           ;projeto_ins_mic.c: 58:         if(!PORTBbits.RB1) {
   361  0282  1283               	bcf	3,5	;RP0=0, select bank0
   362  0283  1303               	bcf	3,6	;RP1=0, select bank0
   363  0284  1886               	btfsc	6,1	;volatile
   364  0285  2A8C               	goto	l1132
   365                           
   366                           ;projeto_ins_mic.c: 59:             TMR0 = 131;
   367  0286  3083               	movlw	131
   368  0287  0081               	movwf	1	;volatile
   369                           
   370                           ;projeto_ins_mic.c: 60:             T0IE = 1;
   371  0288  168B               	bsf	11,5	;volatile
   372                           
   373                           ;projeto_ins_mic.c: 61:             T0IF = 0;
   374  0289  110B               	bcf	11,2	;volatile
   375                           
   376                           ;projeto_ins_mic.c: 62:             cont = 0;
   377  028A  01B8               	clrf	_cont	;volatile
   378  028B  01B9               	clrf	_cont+1	;volatile
   379  028C                     l1132:	
   380                           
   381                           ;projeto_ins_mic.c: 64:         if(estouro_timer0 == 7500){
   382  028C  304C               	movlw	76
   383  028D  0636               	xorwf	_estouro_timer0,w	;volatile
   384  028E  301D               	movlw	29
   385  028F  1903               	skipnz
   386  0290  0637               	xorwf	_estouro_timer0+1,w	;volatile
   387  0291  1D03               	btfss	3,2
   388  0292  2A82               	goto	l1122
   389                           
   390                           ;projeto_ins_mic.c: 65:             atualiza_displays(cont);
   391  0293  0839               	movf	_cont+1,w	;volatile
   392  0294  00AC               	movwf	atualiza_displays@valor+1
   393  0295  0838               	movf	_cont,w	;volatile
   394  0296  00AB               	movwf	atualiza_displays@valor
   395  0297  2018               	fcall	_atualiza_displays
   396                           
   397                           ;projeto_ins_mic.c: 66:             T0IE = 0;
   398  0298  128B               	bcf	11,5	;volatile
   399                           
   400                           ;projeto_ins_mic.c: 67:             T0IF = 0;
   401  0299  110B               	bcf	11,2	;volatile
   402                           
   403                           ;projeto_ins_mic.c: 68:             TMR0 = 131;
   404  029A  3083               	movlw	131
   405  029B  1283               	bcf	3,5	;RP0=0, select bank0
   406  029C  1303               	bcf	3,6	;RP1=0, select bank0
   407  029D  0081               	movwf	1	;volatile
   408  029E  2A82               	goto	l1122
   409  029F                     __end_of_main:	
   410                           
   411                           	psect	text1
   412  025F                     __ptext1:	
   413 ;; *************** function _config *****************
   414 ;; Defined at:
   415 ;;		line 73 in file "projeto_ins_mic.c"
   416 ;; Parameters:    Size  Location     Type
   417 ;;		None
   418 ;; Auto vars:     Size  Location     Type
   419 ;;		None
   420 ;; Return value:  Size  Location     Type
   421 ;;                  1    wreg      void 
   422 ;; Registers used:
   423 ;;		wreg, status,2, status,0, pclath, cstack
   424 ;; Tracked objects:
   425 ;;		On entry : 0/0
   426 ;;		On exit  : 0/0
   427 ;;		Unchanged: 0/0
   428 ;; Data sizes:     COMMON   BANK0   BANK1   BANK2
   429 ;;      Params:         0       0       0       0
   430 ;;      Locals:         0       0       0       0
   431 ;;      Temps:          0       0       0       0
   432 ;;      Totals:         0       0       0       0
   433 ;;Total ram usage:        0 bytes
   434 ;; Hardware stack levels used:    1
   435 ;; Hardware stack levels required when called:    3
   436 ;; This function calls:
   437 ;;		_atualiza_displays
   438 ;; This function is called by:
   439 ;;		_main
   440 ;; This function uses a non-reentrant model
   441 ;;
   442                           
   443                           
   444                           ;psect for function _config
   445  025F                     _config:	
   446                           
   447                           ;projeto_ins_mic.c: 74:     CMCON = 0x07;
   448                           
   449                           ;incstack = 0
   450                           ; Regs used in _config: [wreg+status,2+status,0+pclath+cstack]
   451  025F  3007               	movlw	7
   452  0260  1283               	bcf	3,5	;RP0=0, select bank0
   453  0261  1303               	bcf	3,6	;RP1=0, select bank0
   454  0262  009F               	movwf	31	;volatile
   455                           
   456                           ;projeto_ins_mic.c: 76:     TRISA = 0b00000000;
   457  0263  1683               	bsf	3,5	;RP0=1, select bank1
   458  0264  1303               	bcf	3,6	;RP1=0, select bank1
   459  0265  0185               	clrf	5	;volatile
   460                           
   461                           ;projeto_ins_mic.c: 77:     TRISB = 0b00000011;
   462  0266  3003               	movlw	3
   463  0267  0086               	movwf	6	;volatile
   464                           
   465                           ;projeto_ins_mic.c: 79:     PORTA = 0b00000000;
   466  0268  1283               	bcf	3,5	;RP0=0, select bank0
   467  0269  1303               	bcf	3,6	;RP1=0, select bank0
   468  026A  0185               	clrf	5	;volatile
   469                           
   470                           ;projeto_ins_mic.c: 80:     PORTB = 0b00000011;
   471  026B  3003               	movlw	3
   472  026C  0086               	movwf	6	;volatile
   473                           
   474                           ;projeto_ins_mic.c: 83:     T0CS = 0;
   475  026D  1683               	bsf	3,5	;RP0=1, select bank1
   476  026E  1303               	bcf	3,6	;RP1=0, select bank1
   477  026F  1281               	bcf	1,5	;volatile
   478                           
   479                           ;projeto_ins_mic.c: 84:     PSA = 0;
   480  0270  1181               	bcf	1,3	;volatile
   481                           
   482                           ;projeto_ins_mic.c: 85:     PS2 = 1;
   483  0271  1501               	bsf	1,2	;volatile
   484                           
   485                           ;projeto_ins_mic.c: 86:     PS1 = 0;
   486  0272  1081               	bcf	1,1	;volatile
   487                           
   488                           ;projeto_ins_mic.c: 87:     PS0 = 1;
   489  0273  1401               	bsf	1,0	;volatile
   490                           
   491                           ;projeto_ins_mic.c: 88:     TMR0 = 131;
   492  0274  3083               	movlw	131
   493  0275  1283               	bcf	3,5	;RP0=0, select bank0
   494  0276  1303               	bcf	3,6	;RP1=0, select bank0
   495  0277  0081               	movwf	1	;volatile
   496                           
   497                           ;projeto_ins_mic.c: 95:     T0IE = 0;
   498  0278  128B               	bcf	11,5	;volatile
   499                           
   500                           ;projeto_ins_mic.c: 96:     T0IF = 0;
   501  0279  110B               	bcf	11,2	;volatile
   502                           
   503                           ;projeto_ins_mic.c: 99:     PEIE = 1;
   504  027A  170B               	bsf	11,6	;volatile
   505                           
   506                           ;projeto_ins_mic.c: 100:     GIE = 1;
   507  027B  178B               	bsf	11,7	;volatile
   508                           
   509                           ;projeto_ins_mic.c: 101:     atualiza_displays(000);
   510  027C  3000               	movlw	0
   511  027D  00AB               	movwf	atualiza_displays@valor
   512  027E  00AC               	movwf	atualiza_displays@valor+1
   513  027F  2018               	fcall	_atualiza_displays
   514  0280  0008               	return
   515  0281                     __end_of_config:	
   516                           
   517                           	psect	text2
   518  0018                     __ptext2:	
   519 ;; *************** function _atualiza_displays *****************
   520 ;; Defined at:
   521 ;;		line 104 in file "projeto_ins_mic.c"
   522 ;; Parameters:    Size  Location     Type
   523 ;;  valor           2   11[BANK0 ] unsigned int 
   524 ;; Auto vars:     Size  Location     Type
   525 ;;  centenas        1   19[BANK0 ] unsigned char 
   526 ;;  dezenas         1   18[BANK0 ] unsigned char 
   527 ;;  unidades        1   17[BANK0 ] unsigned char 
   528 ;; Return value:  Size  Location     Type
   529 ;;                  1    wreg      void 
   530 ;; Registers used:
   531 ;;		wreg, status,2, status,0, pclath, cstack
   532 ;; Tracked objects:
   533 ;;		On entry : 0/0
   534 ;;		On exit  : 0/0
   535 ;;		Unchanged: 0/0
   536 ;; Data sizes:     COMMON   BANK0   BANK1   BANK2
   537 ;;      Params:         0       2       0       0
   538 ;;      Locals:         0       3       0       0
   539 ;;      Temps:          0       4       0       0
   540 ;;      Totals:         0       9       0       0
   541 ;;Total ram usage:        9 bytes
   542 ;; Hardware stack levels used:    1
   543 ;; Hardware stack levels required when called:    2
   544 ;; This function calls:
   545 ;;		___awdiv
   546 ;;		___lwdiv
   547 ;;		___lwmod
   548 ;; This function is called by:
   549 ;;		_main
   550 ;;		_config
   551 ;; This function uses a non-reentrant model
   552 ;;
   553                           
   554                           
   555                           ;psect for function _atualiza_displays
   556  0018                     _atualiza_displays:	
   557                           
   558                           ;projeto_ins_mic.c: 105:     unsigned char unidades, dezenas, centenas;;projeto_ins_mic.
      +                          c: 107:     unidades = valor % 10;
   559                           
   560                           ;incstack = 0
   561                           ; Regs used in _atualiza_displays: [wreg+status,2+status,0+pclath+cstack]
   562  0018  300A               	movlw	10
   563  0019  1283               	bcf	3,5	;RP0=0, select bank0
   564  001A  1303               	bcf	3,6	;RP1=0, select bank0
   565  001B  00A7               	movwf	___lwmod@divisor
   566  001C  3000               	movlw	0
   567  001D  00A8               	movwf	___lwmod@divisor+1
   568  001E  082C               	movf	atualiza_displays@valor+1,w
   569  001F  00AA               	movwf	___lwmod@dividend+1
   570  0020  082B               	movf	atualiza_displays@valor,w
   571  0021  00A9               	movwf	___lwmod@dividend
   572  0022  2205               	fcall	___lwmod
   573  0023  1283               	bcf	3,5	;RP0=0, select bank0
   574  0024  1303               	bcf	3,6	;RP1=0, select bank0
   575  0025  0827               	movf	?___lwmod,w
   576  0026  00AD               	movwf	??_atualiza_displays
   577  0027  082D               	movf	??_atualiza_displays,w
   578  0028  00B1               	movwf	atualiza_displays@unidades
   579                           
   580                           ;projeto_ins_mic.c: 108:     dezenas = (valor / 10) % 10;
   581  0029  300A               	movlw	10
   582  002A  00A7               	movwf	___lwmod@divisor
   583  002B  3000               	movlw	0
   584  002C  00A8               	movwf	___lwmod@divisor+1
   585  002D  300A               	movlw	10
   586  002E  00A0               	movwf	___lwdiv@divisor
   587  002F  3000               	movlw	0
   588  0030  00A1               	movwf	___lwdiv@divisor+1
   589  0031  082C               	movf	atualiza_displays@valor+1,w
   590  0032  00A3               	movwf	___lwdiv@dividend+1
   591  0033  082B               	movf	atualiza_displays@valor,w
   592  0034  00A2               	movwf	___lwdiv@dividend
   593  0035  21C7               	fcall	___lwdiv
   594  0036  1283               	bcf	3,5	;RP0=0, select bank0
   595  0037  1303               	bcf	3,6	;RP1=0, select bank0
   596  0038  0821               	movf	?___lwdiv+1,w
   597  0039  00AA               	movwf	___lwmod@dividend+1
   598  003A  0820               	movf	?___lwdiv,w
   599  003B  00A9               	movwf	___lwmod@dividend
   600  003C  2205               	fcall	___lwmod
   601  003D  1283               	bcf	3,5	;RP0=0, select bank0
   602  003E  1303               	bcf	3,6	;RP1=0, select bank0
   603  003F  0827               	movf	?___lwmod,w
   604  0040  00AD               	movwf	??_atualiza_displays
   605  0041  082D               	movf	??_atualiza_displays,w
   606  0042  00B2               	movwf	atualiza_displays@dezenas
   607                           
   608                           ;projeto_ins_mic.c: 109:     centenas = (valor / 100) % 10;
   609  0043  300A               	movlw	10
   610  0044  00A7               	movwf	___lwmod@divisor
   611  0045  3000               	movlw	0
   612  0046  00A8               	movwf	___lwmod@divisor+1
   613  0047  3064               	movlw	100
   614  0048  00A0               	movwf	___lwdiv@divisor
   615  0049  3000               	movlw	0
   616  004A  00A1               	movwf	___lwdiv@divisor+1
   617  004B  082C               	movf	atualiza_displays@valor+1,w
   618  004C  00A3               	movwf	___lwdiv@dividend+1
   619  004D  082B               	movf	atualiza_displays@valor,w
   620  004E  00A2               	movwf	___lwdiv@dividend
   621  004F  21C7               	fcall	___lwdiv
   622  0050  1283               	bcf	3,5	;RP0=0, select bank0
   623  0051  1303               	bcf	3,6	;RP1=0, select bank0
   624  0052  0821               	movf	?___lwdiv+1,w
   625  0053  00AA               	movwf	___lwmod@dividend+1
   626  0054  0820               	movf	?___lwdiv,w
   627  0055  00A9               	movwf	___lwmod@dividend
   628  0056  2205               	fcall	___lwmod
   629  0057  1283               	bcf	3,5	;RP0=0, select bank0
   630  0058  1303               	bcf	3,6	;RP1=0, select bank0
   631  0059  0827               	movf	?___lwmod,w
   632  005A  00AD               	movwf	??_atualiza_displays
   633  005B  082D               	movf	??_atualiza_displays,w
   634  005C  00B3               	movwf	atualiza_displays@centenas
   635                           
   636                           ;projeto_ins_mic.c: 112:     PORTBbits.RB4 = (unidades % 2) == 1;
   637  005D  1C31               	btfss	atualiza_displays@unidades,0
   638  005E  2863               	goto	u1260
   639  005F  1283               	bcf	3,5	;RP0=0, select bank0
   640  0060  1303               	bcf	3,6	;RP1=0, select bank0
   641  0061  1606               	bsf	6,4	;volatile
   642  0062  2866               	goto	u1274
   643  0063                     u1260:	
   644  0063  1283               	bcf	3,5	;RP0=0, select bank0
   645  0064  1303               	bcf	3,6	;RP1=0, select bank0
   646  0065  1206               	bcf	6,4	;volatile
   647  0066                     u1274:	
   648                           
   649                           ;projeto_ins_mic.c: 113:     PORTBbits.RB5 = ((unidades / 2) % 2) == 1;
   650  0066  3002               	movlw	2
   651  0067  00A0               	movwf	___awdiv@divisor
   652  0068  3000               	movlw	0
   653  0069  00A1               	movwf	___awdiv@divisor+1
   654  006A  0831               	movf	atualiza_displays@unidades,w
   655  006B  00AD               	movwf	??_atualiza_displays
   656  006C  01AE               	clrf	??_atualiza_displays+1
   657  006D  082D               	movf	??_atualiza_displays,w
   658  006E  00A2               	movwf	___awdiv@dividend
   659  006F  082E               	movf	??_atualiza_displays+1,w
   660  0070  00A3               	movwf	___awdiv@dividend+1
   661  0071  216C               	fcall	___awdiv
   662  0072  1283               	bcf	3,5	;RP0=0, select bank0
   663  0073  1303               	bcf	3,6	;RP1=0, select bank0
   664  0074  0820               	movf	?___awdiv,w
   665  0075  00AF               	movwf	??_atualiza_displays+2
   666  0076  0821               	movf	?___awdiv+1,w
   667  0077  00B0               	movwf	??_atualiza_displays+3
   668  0078  1C2F               	btfss	??_atualiza_displays+2,0
   669  0079  287E               	goto	u1280
   670  007A  1283               	bcf	3,5	;RP0=0, select bank0
   671  007B  1303               	bcf	3,6	;RP1=0, select bank0
   672  007C  1686               	bsf	6,5	;volatile
   673  007D  2881               	goto	u1294
   674  007E                     u1280:	
   675  007E  1283               	bcf	3,5	;RP0=0, select bank0
   676  007F  1303               	bcf	3,6	;RP1=0, select bank0
   677  0080  1286               	bcf	6,5	;volatile
   678  0081                     u1294:	
   679                           
   680                           ;projeto_ins_mic.c: 114:     PORTBbits.RB6 = ((unidades / 4) % 2) == 1;
   681  0081  3004               	movlw	4
   682  0082  00A0               	movwf	___awdiv@divisor
   683  0083  3000               	movlw	0
   684  0084  00A1               	movwf	___awdiv@divisor+1
   685  0085  0831               	movf	atualiza_displays@unidades,w
   686  0086  00AD               	movwf	??_atualiza_displays
   687  0087  01AE               	clrf	??_atualiza_displays+1
   688  0088  082D               	movf	??_atualiza_displays,w
   689  0089  00A2               	movwf	___awdiv@dividend
   690  008A  082E               	movf	??_atualiza_displays+1,w
   691  008B  00A3               	movwf	___awdiv@dividend+1
   692  008C  216C               	fcall	___awdiv
   693  008D  1283               	bcf	3,5	;RP0=0, select bank0
   694  008E  1303               	bcf	3,6	;RP1=0, select bank0
   695  008F  0820               	movf	?___awdiv,w
   696  0090  00AF               	movwf	??_atualiza_displays+2
   697  0091  0821               	movf	?___awdiv+1,w
   698  0092  00B0               	movwf	??_atualiza_displays+3
   699  0093  1C2F               	btfss	??_atualiza_displays+2,0
   700  0094  2899               	goto	u1300
   701  0095  1283               	bcf	3,5	;RP0=0, select bank0
   702  0096  1303               	bcf	3,6	;RP1=0, select bank0
   703  0097  1706               	bsf	6,6	;volatile
   704  0098  289C               	goto	u1314
   705  0099                     u1300:	
   706  0099  1283               	bcf	3,5	;RP0=0, select bank0
   707  009A  1303               	bcf	3,6	;RP1=0, select bank0
   708  009B  1306               	bcf	6,6	;volatile
   709  009C                     u1314:	
   710                           
   711                           ;projeto_ins_mic.c: 115:     PORTBbits.RB7 = ((unidades / 8) % 2) == 1;
   712  009C  3008               	movlw	8
   713  009D  00A0               	movwf	___awdiv@divisor
   714  009E  3000               	movlw	0
   715  009F  00A1               	movwf	___awdiv@divisor+1
   716  00A0  0831               	movf	atualiza_displays@unidades,w
   717  00A1  00AD               	movwf	??_atualiza_displays
   718  00A2  01AE               	clrf	??_atualiza_displays+1
   719  00A3  082D               	movf	??_atualiza_displays,w
   720  00A4  00A2               	movwf	___awdiv@dividend
   721  00A5  082E               	movf	??_atualiza_displays+1,w
   722  00A6  00A3               	movwf	___awdiv@dividend+1
   723  00A7  216C               	fcall	___awdiv
   724  00A8  1283               	bcf	3,5	;RP0=0, select bank0
   725  00A9  1303               	bcf	3,6	;RP1=0, select bank0
   726  00AA  0820               	movf	?___awdiv,w
   727  00AB  00AF               	movwf	??_atualiza_displays+2
   728  00AC  0821               	movf	?___awdiv+1,w
   729  00AD  00B0               	movwf	??_atualiza_displays+3
   730  00AE  1C2F               	btfss	??_atualiza_displays+2,0
   731  00AF  28B4               	goto	u1320
   732  00B0  1283               	bcf	3,5	;RP0=0, select bank0
   733  00B1  1303               	bcf	3,6	;RP1=0, select bank0
   734  00B2  1786               	bsf	6,7	;volatile
   735  00B3  28B7               	goto	l1086
   736  00B4                     u1320:	
   737  00B4  1283               	bcf	3,5	;RP0=0, select bank0
   738  00B5  1303               	bcf	3,6	;RP1=0, select bank0
   739  00B6  1386               	bcf	6,7	;volatile
   740  00B7                     l1086:	
   741                           
   742                           ;projeto_ins_mic.c: 118:     PORTAbits.RA3 = (dezenas % 2) == 1;
   743  00B7  1C32               	btfss	atualiza_displays@dezenas,0
   744  00B8  28BD               	goto	u1340
   745  00B9  1283               	bcf	3,5	;RP0=0, select bank0
   746  00BA  1303               	bcf	3,6	;RP1=0, select bank0
   747  00BB  1585               	bsf	5,3	;volatile
   748  00BC  28C0               	goto	u1354
   749  00BD                     u1340:	
   750  00BD  1283               	bcf	3,5	;RP0=0, select bank0
   751  00BE  1303               	bcf	3,6	;RP1=0, select bank0
   752  00BF  1185               	bcf	5,3	;volatile
   753  00C0                     u1354:	
   754                           
   755                           ;projeto_ins_mic.c: 119:     PORTAbits.RA6 = ((dezenas / 2) % 2) == 1;
   756  00C0  3002               	movlw	2
   757  00C1  00A0               	movwf	___awdiv@divisor
   758  00C2  3000               	movlw	0
   759  00C3  00A1               	movwf	___awdiv@divisor+1
   760  00C4  0832               	movf	atualiza_displays@dezenas,w
   761  00C5  00AD               	movwf	??_atualiza_displays
   762  00C6  01AE               	clrf	??_atualiza_displays+1
   763  00C7  082D               	movf	??_atualiza_displays,w
   764  00C8  00A2               	movwf	___awdiv@dividend
   765  00C9  082E               	movf	??_atualiza_displays+1,w
   766  00CA  00A3               	movwf	___awdiv@dividend+1
   767  00CB  216C               	fcall	___awdiv
   768  00CC  1283               	bcf	3,5	;RP0=0, select bank0
   769  00CD  1303               	bcf	3,6	;RP1=0, select bank0
   770  00CE  0820               	movf	?___awdiv,w
   771  00CF  00AF               	movwf	??_atualiza_displays+2
   772  00D0  0821               	movf	?___awdiv+1,w
   773  00D1  00B0               	movwf	??_atualiza_displays+3
   774  00D2  1C2F               	btfss	??_atualiza_displays+2,0
   775  00D3  28D8               	goto	u1360
   776  00D4  1283               	bcf	3,5	;RP0=0, select bank0
   777  00D5  1303               	bcf	3,6	;RP1=0, select bank0
   778  00D6  1705               	bsf	5,6	;volatile
   779  00D7  28DB               	goto	u1374
   780  00D8                     u1360:	
   781  00D8  1283               	bcf	3,5	;RP0=0, select bank0
   782  00D9  1303               	bcf	3,6	;RP1=0, select bank0
   783  00DA  1305               	bcf	5,6	;volatile
   784  00DB                     u1374:	
   785                           
   786                           ;projeto_ins_mic.c: 120:     PORTBbits.RB2 = ((dezenas / 4) % 2) == 1;
   787  00DB  3004               	movlw	4
   788  00DC  00A0               	movwf	___awdiv@divisor
   789  00DD  3000               	movlw	0
   790  00DE  00A1               	movwf	___awdiv@divisor+1
   791  00DF  0832               	movf	atualiza_displays@dezenas,w
   792  00E0  00AD               	movwf	??_atualiza_displays
   793  00E1  01AE               	clrf	??_atualiza_displays+1
   794  00E2  082D               	movf	??_atualiza_displays,w
   795  00E3  00A2               	movwf	___awdiv@dividend
   796  00E4  082E               	movf	??_atualiza_displays+1,w
   797  00E5  00A3               	movwf	___awdiv@dividend+1
   798  00E6  216C               	fcall	___awdiv
   799  00E7  1283               	bcf	3,5	;RP0=0, select bank0
   800  00E8  1303               	bcf	3,6	;RP1=0, select bank0
   801  00E9  0820               	movf	?___awdiv,w
   802  00EA  00AF               	movwf	??_atualiza_displays+2
   803  00EB  0821               	movf	?___awdiv+1,w
   804  00EC  00B0               	movwf	??_atualiza_displays+3
   805  00ED  1C2F               	btfss	??_atualiza_displays+2,0
   806  00EE  28F3               	goto	u1380
   807  00EF  1283               	bcf	3,5	;RP0=0, select bank0
   808  00F0  1303               	bcf	3,6	;RP1=0, select bank0
   809  00F1  1506               	bsf	6,2	;volatile
   810  00F2  28F6               	goto	u1394
   811  00F3                     u1380:	
   812  00F3  1283               	bcf	3,5	;RP0=0, select bank0
   813  00F4  1303               	bcf	3,6	;RP1=0, select bank0
   814  00F5  1106               	bcf	6,2	;volatile
   815  00F6                     u1394:	
   816                           
   817                           ;projeto_ins_mic.c: 121:     PORTBbits.RB3 = ((dezenas / 8) % 2) == 1;
   818  00F6  3008               	movlw	8
   819  00F7  00A0               	movwf	___awdiv@divisor
   820  00F8  3000               	movlw	0
   821  00F9  00A1               	movwf	___awdiv@divisor+1
   822  00FA  0832               	movf	atualiza_displays@dezenas,w
   823  00FB  00AD               	movwf	??_atualiza_displays
   824  00FC  01AE               	clrf	??_atualiza_displays+1
   825  00FD  082D               	movf	??_atualiza_displays,w
   826  00FE  00A2               	movwf	___awdiv@dividend
   827  00FF  082E               	movf	??_atualiza_displays+1,w
   828  0100  00A3               	movwf	___awdiv@dividend+1
   829  0101  216C               	fcall	___awdiv
   830  0102  1283               	bcf	3,5	;RP0=0, select bank0
   831  0103  1303               	bcf	3,6	;RP1=0, select bank0
   832  0104  0820               	movf	?___awdiv,w
   833  0105  00AF               	movwf	??_atualiza_displays+2
   834  0106  0821               	movf	?___awdiv+1,w
   835  0107  00B0               	movwf	??_atualiza_displays+3
   836  0108  1C2F               	btfss	??_atualiza_displays+2,0
   837  0109  290E               	goto	u1400
   838  010A  1283               	bcf	3,5	;RP0=0, select bank0
   839  010B  1303               	bcf	3,6	;RP1=0, select bank0
   840  010C  1586               	bsf	6,3	;volatile
   841  010D  2911               	goto	l1088
   842  010E                     u1400:	
   843  010E  1283               	bcf	3,5	;RP0=0, select bank0
   844  010F  1303               	bcf	3,6	;RP1=0, select bank0
   845  0110  1186               	bcf	6,3	;volatile
   846  0111                     l1088:	
   847                           
   848                           ;projeto_ins_mic.c: 124:     PORTAbits.RA7 = (centenas % 2) == 1;
   849  0111  1C33               	btfss	atualiza_displays@centenas,0
   850  0112  2917               	goto	u1420
   851  0113  1283               	bcf	3,5	;RP0=0, select bank0
   852  0114  1303               	bcf	3,6	;RP1=0, select bank0
   853  0115  1785               	bsf	5,7	;volatile
   854  0116  291A               	goto	u1434
   855  0117                     u1420:	
   856  0117  1283               	bcf	3,5	;RP0=0, select bank0
   857  0118  1303               	bcf	3,6	;RP1=0, select bank0
   858  0119  1385               	bcf	5,7	;volatile
   859  011A                     u1434:	
   860                           
   861                           ;projeto_ins_mic.c: 125:     PORTAbits.RA0 = ((centenas / 2) % 2) == 1;
   862  011A  3002               	movlw	2
   863  011B  00A0               	movwf	___awdiv@divisor
   864  011C  3000               	movlw	0
   865  011D  00A1               	movwf	___awdiv@divisor+1
   866  011E  0833               	movf	atualiza_displays@centenas,w
   867  011F  00AD               	movwf	??_atualiza_displays
   868  0120  01AE               	clrf	??_atualiza_displays+1
   869  0121  082D               	movf	??_atualiza_displays,w
   870  0122  00A2               	movwf	___awdiv@dividend
   871  0123  082E               	movf	??_atualiza_displays+1,w
   872  0124  00A3               	movwf	___awdiv@dividend+1
   873  0125  216C               	fcall	___awdiv
   874  0126  1283               	bcf	3,5	;RP0=0, select bank0
   875  0127  1303               	bcf	3,6	;RP1=0, select bank0
   876  0128  0820               	movf	?___awdiv,w
   877  0129  00AF               	movwf	??_atualiza_displays+2
   878  012A  0821               	movf	?___awdiv+1,w
   879  012B  00B0               	movwf	??_atualiza_displays+3
   880  012C  1C2F               	btfss	??_atualiza_displays+2,0
   881  012D  2932               	goto	u1440
   882  012E  1283               	bcf	3,5	;RP0=0, select bank0
   883  012F  1303               	bcf	3,6	;RP1=0, select bank0
   884  0130  1405               	bsf	5,0	;volatile
   885  0131  2935               	goto	u1454
   886  0132                     u1440:	
   887  0132  1283               	bcf	3,5	;RP0=0, select bank0
   888  0133  1303               	bcf	3,6	;RP1=0, select bank0
   889  0134  1005               	bcf	5,0	;volatile
   890  0135                     u1454:	
   891                           
   892                           ;projeto_ins_mic.c: 126:     PORTAbits.RA1 = ((centenas / 4) % 2) == 1;
   893  0135  3004               	movlw	4
   894  0136  00A0               	movwf	___awdiv@divisor
   895  0137  3000               	movlw	0
   896  0138  00A1               	movwf	___awdiv@divisor+1
   897  0139  0833               	movf	atualiza_displays@centenas,w
   898  013A  00AD               	movwf	??_atualiza_displays
   899  013B  01AE               	clrf	??_atualiza_displays+1
   900  013C  082D               	movf	??_atualiza_displays,w
   901  013D  00A2               	movwf	___awdiv@dividend
   902  013E  082E               	movf	??_atualiza_displays+1,w
   903  013F  00A3               	movwf	___awdiv@dividend+1
   904  0140  216C               	fcall	___awdiv
   905  0141  1283               	bcf	3,5	;RP0=0, select bank0
   906  0142  1303               	bcf	3,6	;RP1=0, select bank0
   907  0143  0820               	movf	?___awdiv,w
   908  0144  00AF               	movwf	??_atualiza_displays+2
   909  0145  0821               	movf	?___awdiv+1,w
   910  0146  00B0               	movwf	??_atualiza_displays+3
   911  0147  1C2F               	btfss	??_atualiza_displays+2,0
   912  0148  294D               	goto	u1460
   913  0149  1283               	bcf	3,5	;RP0=0, select bank0
   914  014A  1303               	bcf	3,6	;RP1=0, select bank0
   915  014B  1485               	bsf	5,1	;volatile
   916  014C  2950               	goto	u1474
   917  014D                     u1460:	
   918  014D  1283               	bcf	3,5	;RP0=0, select bank0
   919  014E  1303               	bcf	3,6	;RP1=0, select bank0
   920  014F  1085               	bcf	5,1	;volatile
   921  0150                     u1474:	
   922                           
   923                           ;projeto_ins_mic.c: 127:     PORTAbits.RA2 = ((centenas / 8) % 2) == 1;
   924  0150  3008               	movlw	8
   925  0151  00A0               	movwf	___awdiv@divisor
   926  0152  3000               	movlw	0
   927  0153  00A1               	movwf	___awdiv@divisor+1
   928  0154  0833               	movf	atualiza_displays@centenas,w
   929  0155  00AD               	movwf	??_atualiza_displays
   930  0156  01AE               	clrf	??_atualiza_displays+1
   931  0157  082D               	movf	??_atualiza_displays,w
   932  0158  00A2               	movwf	___awdiv@dividend
   933  0159  082E               	movf	??_atualiza_displays+1,w
   934  015A  00A3               	movwf	___awdiv@dividend+1
   935  015B  216C               	fcall	___awdiv
   936  015C  1283               	bcf	3,5	;RP0=0, select bank0
   937  015D  1303               	bcf	3,6	;RP1=0, select bank0
   938  015E  0820               	movf	?___awdiv,w
   939  015F  00AF               	movwf	??_atualiza_displays+2
   940  0160  0821               	movf	?___awdiv+1,w
   941  0161  00B0               	movwf	??_atualiza_displays+3
   942  0162  1C2F               	btfss	??_atualiza_displays+2,0
   943  0163  2968               	goto	u1480
   944  0164  1283               	bcf	3,5	;RP0=0, select bank0
   945  0165  1303               	bcf	3,6	;RP1=0, select bank0
   946  0166  1505               	bsf	5,2	;volatile
   947  0167  0008               	return
   948  0168                     u1480:	
   949  0168  1283               	bcf	3,5	;RP0=0, select bank0
   950  0169  1303               	bcf	3,6	;RP1=0, select bank0
   951  016A  1105               	bcf	5,2	;volatile
   952  016B  0008               	return
   953  016C                     __end_of_atualiza_displays:	
   954                           
   955                           	psect	text3
   956  0205                     __ptext3:	
   957 ;; *************** function ___lwmod *****************
   958 ;; Defined at:
   959 ;;		line 5 in file "S:\Program Files (x86)\Microchip\xc8\v2.05\pic\sources\c90\common\lwmod.c"
   960 ;; Parameters:    Size  Location     Type
   961 ;;  divisor         2    7[BANK0 ] unsigned int 
   962 ;;  dividend        2    9[BANK0 ] unsigned int 
   963 ;; Auto vars:     Size  Location     Type
   964 ;;  counter         1    6[COMMON] unsigned char 
   965 ;; Return value:  Size  Location     Type
   966 ;;                  2    7[BANK0 ] unsigned int 
   967 ;; Registers used:
   968 ;;		wreg, status,2, status,0
   969 ;; Tracked objects:
   970 ;;		On entry : 0/0
   971 ;;		On exit  : 0/0
   972 ;;		Unchanged: 0/0
   973 ;; Data sizes:     COMMON   BANK0   BANK1   BANK2
   974 ;;      Params:         0       4       0       0
   975 ;;      Locals:         1       0       0       0
   976 ;;      Temps:          1       0       0       0
   977 ;;      Totals:         2       4       0       0
   978 ;;Total ram usage:        6 bytes
   979 ;; Hardware stack levels used:    1
   980 ;; Hardware stack levels required when called:    1
   981 ;; This function calls:
   982 ;;		Nothing
   983 ;; This function is called by:
   984 ;;		_atualiza_displays
   985 ;; This function uses a non-reentrant model
   986 ;;
   987                           
   988                           
   989                           ;psect for function ___lwmod
   990  0205                     ___lwmod:	
   991                           
   992                           ;incstack = 0
   993                           ; Regs used in ___lwmod: [wreg+status,2+status,0]
   994  0205  1283               	bcf	3,5	;RP0=0, select bank0
   995  0206  1303               	bcf	3,6	;RP1=0, select bank0
   996  0207  0827               	movf	___lwmod@divisor,w
   997  0208  0428               	iorwf	___lwmod@divisor+1,w
   998  0209  1903               	btfsc	3,2
   999  020A  2A34               	goto	l1078
  1000  020B  01F6               	clrf	___lwmod@counter
  1001  020C  0AF6               	incf	___lwmod@counter,f
  1002  020D                     l1068:	
  1003  020D  1BA8               	btfsc	___lwmod@divisor+1,7
  1004  020E  2A1B               	goto	l1070
  1005  020F  3001               	movlw	1
  1006  0210                     u1215:	
  1007  0210  1003               	clrc
  1008  0211  0DA7               	rlf	___lwmod@divisor,f
  1009  0212  0DA8               	rlf	___lwmod@divisor+1,f
  1010  0213  3EFF               	addlw	-1
  1011  0214  1D03               	skipz
  1012  0215  2A10               	goto	u1215
  1013  0216  3001               	movlw	1
  1014  0217  00F5               	movwf	??___lwmod
  1015  0218  0875               	movf	??___lwmod,w
  1016  0219  07F6               	addwf	___lwmod@counter,f
  1017  021A  2A0D               	goto	l1068
  1018  021B                     l1070:	
  1019  021B  0828               	movf	___lwmod@divisor+1,w
  1020  021C  022A               	subwf	___lwmod@dividend+1,w
  1021  021D  1D03               	skipz
  1022  021E  2A21               	goto	u1235
  1023  021F  0827               	movf	___lwmod@divisor,w
  1024  0220  0229               	subwf	___lwmod@dividend,w
  1025  0221                     u1235:	
  1026  0221  1C03               	skipc
  1027  0222  2A29               	goto	l1074
  1028  0223  0827               	movf	___lwmod@divisor,w
  1029  0224  02A9               	subwf	___lwmod@dividend,f
  1030  0225  0828               	movf	___lwmod@divisor+1,w
  1031  0226  1C03               	skipc
  1032  0227  03AA               	decf	___lwmod@dividend+1,f
  1033  0228  02AA               	subwf	___lwmod@dividend+1,f
  1034  0229                     l1074:	
  1035  0229  3001               	movlw	1
  1036  022A                     u1245:	
  1037  022A  1003               	clrc
  1038  022B  0CA8               	rrf	___lwmod@divisor+1,f
  1039  022C  0CA7               	rrf	___lwmod@divisor,f
  1040  022D  3EFF               	addlw	-1
  1041  022E  1D03               	skipz
  1042  022F  2A2A               	goto	u1245
  1043  0230  3001               	movlw	1
  1044  0231  02F6               	subwf	___lwmod@counter,f
  1045  0232  1D03               	btfss	3,2
  1046  0233  2A1B               	goto	l1070
  1047  0234                     l1078:	
  1048  0234  082A               	movf	___lwmod@dividend+1,w
  1049  0235  00A8               	movwf	?___lwmod+1
  1050  0236  0829               	movf	___lwmod@dividend,w
  1051  0237  00A7               	movwf	?___lwmod
  1052  0238  0008               	return
  1053  0239                     __end_of___lwmod:	
  1054                           
  1055                           	psect	text4
  1056  01C7                     __ptext4:	
  1057 ;; *************** function ___lwdiv *****************
  1058 ;; Defined at:
  1059 ;;		line 5 in file "S:\Program Files (x86)\Microchip\xc8\v2.05\pic\sources\c90\common\lwdiv.c"
  1060 ;; Parameters:    Size  Location     Type
  1061 ;;  divisor         2    0[BANK0 ] unsigned int 
  1062 ;;  dividend        2    2[BANK0 ] unsigned int 
  1063 ;; Auto vars:     Size  Location     Type
  1064 ;;  quotient        2    5[BANK0 ] unsigned int 
  1065 ;;  counter         1    4[BANK0 ] unsigned char 
  1066 ;; Return value:  Size  Location     Type
  1067 ;;                  2    0[BANK0 ] unsigned int 
  1068 ;; Registers used:
  1069 ;;		wreg, status,2, status,0
  1070 ;; Tracked objects:
  1071 ;;		On entry : 0/0
  1072 ;;		On exit  : 0/0
  1073 ;;		Unchanged: 0/0
  1074 ;; Data sizes:     COMMON   BANK0   BANK1   BANK2
  1075 ;;      Params:         0       4       0       0
  1076 ;;      Locals:         0       3       0       0
  1077 ;;      Temps:          1       0       0       0
  1078 ;;      Totals:         1       7       0       0
  1079 ;;Total ram usage:        8 bytes
  1080 ;; Hardware stack levels used:    1
  1081 ;; Hardware stack levels required when called:    1
  1082 ;; This function calls:
  1083 ;;		Nothing
  1084 ;; This function is called by:
  1085 ;;		_atualiza_displays
  1086 ;; This function uses a non-reentrant model
  1087 ;;
  1088                           
  1089                           
  1090                           ;psect for function ___lwdiv
  1091  01C7                     ___lwdiv:	
  1092                           
  1093                           ;incstack = 0
  1094                           ; Regs used in ___lwdiv: [wreg+status,2+status,0]
  1095  01C7  1283               	bcf	3,5	;RP0=0, select bank0
  1096  01C8  1303               	bcf	3,6	;RP1=0, select bank0
  1097  01C9  01A5               	clrf	___lwdiv@quotient
  1098  01CA  01A6               	clrf	___lwdiv@quotient+1
  1099  01CB  0820               	movf	___lwdiv@divisor,w
  1100  01CC  0421               	iorwf	___lwdiv@divisor+1,w
  1101  01CD  1903               	btfsc	3,2
  1102  01CE  2A00               	goto	l1056
  1103  01CF  01A4               	clrf	___lwdiv@counter
  1104  01D0  0AA4               	incf	___lwdiv@counter,f
  1105  01D1                     l1044:	
  1106  01D1  1BA1               	btfsc	___lwdiv@divisor+1,7
  1107  01D2  29DF               	goto	l1046
  1108  01D3  3001               	movlw	1
  1109  01D4                     u1145:	
  1110  01D4  1003               	clrc
  1111  01D5  0DA0               	rlf	___lwdiv@divisor,f
  1112  01D6  0DA1               	rlf	___lwdiv@divisor+1,f
  1113  01D7  3EFF               	addlw	-1
  1114  01D8  1D03               	skipz
  1115  01D9  29D4               	goto	u1145
  1116  01DA  3001               	movlw	1
  1117  01DB  00F4               	movwf	??___lwdiv
  1118  01DC  0874               	movf	??___lwdiv,w
  1119  01DD  07A4               	addwf	___lwdiv@counter,f
  1120  01DE  29D1               	goto	l1044
  1121  01DF                     l1046:	
  1122  01DF  3001               	movlw	1
  1123  01E0                     u1165:	
  1124  01E0  1003               	clrc
  1125  01E1  0DA5               	rlf	___lwdiv@quotient,f
  1126  01E2  0DA6               	rlf	___lwdiv@quotient+1,f
  1127  01E3  3EFF               	addlw	-1
  1128  01E4  1D03               	skipz
  1129  01E5  29E0               	goto	u1165
  1130  01E6  0821               	movf	___lwdiv@divisor+1,w
  1131  01E7  0223               	subwf	___lwdiv@dividend+1,w
  1132  01E8  1D03               	skipz
  1133  01E9  29EC               	goto	u1175
  1134  01EA  0820               	movf	___lwdiv@divisor,w
  1135  01EB  0222               	subwf	___lwdiv@dividend,w
  1136  01EC                     u1175:	
  1137  01EC  1C03               	skipc
  1138  01ED  29F5               	goto	l1052
  1139  01EE  0820               	movf	___lwdiv@divisor,w
  1140  01EF  02A2               	subwf	___lwdiv@dividend,f
  1141  01F0  0821               	movf	___lwdiv@divisor+1,w
  1142  01F1  1C03               	skipc
  1143  01F2  03A3               	decf	___lwdiv@dividend+1,f
  1144  01F3  02A3               	subwf	___lwdiv@dividend+1,f
  1145  01F4  1425               	bsf	___lwdiv@quotient,0
  1146  01F5                     l1052:	
  1147  01F5  3001               	movlw	1
  1148  01F6                     u1185:	
  1149  01F6  1003               	clrc
  1150  01F7  0CA1               	rrf	___lwdiv@divisor+1,f
  1151  01F8  0CA0               	rrf	___lwdiv@divisor,f
  1152  01F9  3EFF               	addlw	-1
  1153  01FA  1D03               	skipz
  1154  01FB  29F6               	goto	u1185
  1155  01FC  3001               	movlw	1
  1156  01FD  02A4               	subwf	___lwdiv@counter,f
  1157  01FE  1D03               	btfss	3,2
  1158  01FF  29DF               	goto	l1046
  1159  0200                     l1056:	
  1160  0200  0826               	movf	___lwdiv@quotient+1,w
  1161  0201  00A1               	movwf	?___lwdiv+1
  1162  0202  0825               	movf	___lwdiv@quotient,w
  1163  0203  00A0               	movwf	?___lwdiv
  1164  0204  0008               	return
  1165  0205                     __end_of___lwdiv:	
  1166                           
  1167                           	psect	text5
  1168  016C                     __ptext5:	
  1169 ;; *************** function ___awdiv *****************
  1170 ;; Defined at:
  1171 ;;		line 5 in file "S:\Program Files (x86)\Microchip\xc8\v2.05\pic\sources\c90\common\awdiv.c"
  1172 ;; Parameters:    Size  Location     Type
  1173 ;;  divisor         2    0[BANK0 ] int 
  1174 ;;  dividend        2    2[BANK0 ] int 
  1175 ;; Auto vars:     Size  Location     Type
  1176 ;;  quotient        2    6[BANK0 ] int 
  1177 ;;  sign            1    5[BANK0 ] unsigned char 
  1178 ;;  counter         1    4[BANK0 ] unsigned char 
  1179 ;; Return value:  Size  Location     Type
  1180 ;;                  2    0[BANK0 ] int 
  1181 ;; Registers used:
  1182 ;;		wreg, status,2, status,0
  1183 ;; Tracked objects:
  1184 ;;		On entry : 0/0
  1185 ;;		On exit  : 0/0
  1186 ;;		Unchanged: 0/0
  1187 ;; Data sizes:     COMMON   BANK0   BANK1   BANK2
  1188 ;;      Params:         0       4       0       0
  1189 ;;      Locals:         0       4       0       0
  1190 ;;      Temps:          1       0       0       0
  1191 ;;      Totals:         1       8       0       0
  1192 ;;Total ram usage:        9 bytes
  1193 ;; Hardware stack levels used:    1
  1194 ;; Hardware stack levels required when called:    1
  1195 ;; This function calls:
  1196 ;;		Nothing
  1197 ;; This function is called by:
  1198 ;;		_atualiza_displays
  1199 ;; This function uses a non-reentrant model
  1200 ;;
  1201                           
  1202                           
  1203                           ;psect for function ___awdiv
  1204  016C                     ___awdiv:	
  1205                           
  1206                           ;incstack = 0
  1207                           ; Regs used in ___awdiv: [wreg+status,2+status,0]
  1208  016C  1283               	bcf	3,5	;RP0=0, select bank0
  1209  016D  1303               	bcf	3,6	;RP1=0, select bank0
  1210  016E  01A5               	clrf	___awdiv@sign
  1211  016F  1FA1               	btfss	___awdiv@divisor+1,7
  1212  0170  2978               	goto	l998
  1213  0171  09A0               	comf	___awdiv@divisor,f
  1214  0172  09A1               	comf	___awdiv@divisor+1,f
  1215  0173  0AA0               	incf	___awdiv@divisor,f
  1216  0174  1903               	skipnz
  1217  0175  0AA1               	incf	___awdiv@divisor+1,f
  1218  0176  01A5               	clrf	___awdiv@sign
  1219  0177  0AA5               	incf	___awdiv@sign,f
  1220  0178                     l998:	
  1221  0178  1FA3               	btfss	___awdiv@dividend+1,7
  1222  0179  2983               	goto	l1004
  1223  017A  09A2               	comf	___awdiv@dividend,f
  1224  017B  09A3               	comf	___awdiv@dividend+1,f
  1225  017C  0AA2               	incf	___awdiv@dividend,f
  1226  017D  1903               	skipnz
  1227  017E  0AA3               	incf	___awdiv@dividend+1,f
  1228  017F  3001               	movlw	1
  1229  0180  00F4               	movwf	??___awdiv
  1230  0181  0874               	movf	??___awdiv,w
  1231  0182  06A5               	xorwf	___awdiv@sign,f
  1232  0183                     l1004:	
  1233  0183  01A6               	clrf	___awdiv@quotient
  1234  0184  01A7               	clrf	___awdiv@quotient+1
  1235  0185  0820               	movf	___awdiv@divisor,w
  1236  0186  0421               	iorwf	___awdiv@divisor+1,w
  1237  0187  1903               	btfsc	3,2
  1238  0188  29BA               	goto	l1026
  1239  0189  01A4               	clrf	___awdiv@counter
  1240  018A  0AA4               	incf	___awdiv@counter,f
  1241  018B                     l1014:	
  1242  018B  1BA1               	btfsc	___awdiv@divisor+1,7
  1243  018C  2999               	goto	l1016
  1244  018D  3001               	movlw	1
  1245  018E                     u1065:	
  1246  018E  1003               	clrc
  1247  018F  0DA0               	rlf	___awdiv@divisor,f
  1248  0190  0DA1               	rlf	___awdiv@divisor+1,f
  1249  0191  3EFF               	addlw	-1
  1250  0192  1D03               	skipz
  1251  0193  298E               	goto	u1065
  1252  0194  3001               	movlw	1
  1253  0195  00F4               	movwf	??___awdiv
  1254  0196  0874               	movf	??___awdiv,w
  1255  0197  07A4               	addwf	___awdiv@counter,f
  1256  0198  298B               	goto	l1014
  1257  0199                     l1016:	
  1258  0199  3001               	movlw	1
  1259  019A                     u1085:	
  1260  019A  1003               	clrc
  1261  019B  0DA6               	rlf	___awdiv@quotient,f
  1262  019C  0DA7               	rlf	___awdiv@quotient+1,f
  1263  019D  3EFF               	addlw	-1
  1264  019E  1D03               	skipz
  1265  019F  299A               	goto	u1085
  1266  01A0  0821               	movf	___awdiv@divisor+1,w
  1267  01A1  0223               	subwf	___awdiv@dividend+1,w
  1268  01A2  1D03               	skipz
  1269  01A3  29A6               	goto	u1095
  1270  01A4  0820               	movf	___awdiv@divisor,w
  1271  01A5  0222               	subwf	___awdiv@dividend,w
  1272  01A6                     u1095:	
  1273  01A6  1C03               	skipc
  1274  01A7  29AF               	goto	l1022
  1275  01A8  0820               	movf	___awdiv@divisor,w
  1276  01A9  02A2               	subwf	___awdiv@dividend,f
  1277  01AA  0821               	movf	___awdiv@divisor+1,w
  1278  01AB  1C03               	skipc
  1279  01AC  03A3               	decf	___awdiv@dividend+1,f
  1280  01AD  02A3               	subwf	___awdiv@dividend+1,f
  1281  01AE  1426               	bsf	___awdiv@quotient,0
  1282  01AF                     l1022:	
  1283  01AF  3001               	movlw	1
  1284  01B0                     u1105:	
  1285  01B0  1003               	clrc
  1286  01B1  0CA1               	rrf	___awdiv@divisor+1,f
  1287  01B2  0CA0               	rrf	___awdiv@divisor,f
  1288  01B3  3EFF               	addlw	-1
  1289  01B4  1D03               	skipz
  1290  01B5  29B0               	goto	u1105
  1291  01B6  3001               	movlw	1
  1292  01B7  02A4               	subwf	___awdiv@counter,f
  1293  01B8  1D03               	btfss	3,2
  1294  01B9  2999               	goto	l1016
  1295  01BA                     l1026:	
  1296  01BA  0825               	movf	___awdiv@sign,w
  1297  01BB  1903               	btfsc	3,2
  1298  01BC  29C2               	goto	l1030
  1299  01BD  09A6               	comf	___awdiv@quotient,f
  1300  01BE  09A7               	comf	___awdiv@quotient+1,f
  1301  01BF  0AA6               	incf	___awdiv@quotient,f
  1302  01C0  1903               	skipnz
  1303  01C1  0AA7               	incf	___awdiv@quotient+1,f
  1304  01C2                     l1030:	
  1305  01C2  0827               	movf	___awdiv@quotient+1,w
  1306  01C3  00A1               	movwf	?___awdiv+1
  1307  01C4  0826               	movf	___awdiv@quotient,w
  1308  01C5  00A0               	movwf	?___awdiv
  1309  01C6  0008               	return
  1310  01C7                     __end_of___awdiv:	
  1311                           
  1312                           	psect	text6
  1313  0239                     __ptext6:	
  1314 ;; *************** function _myi *****************
  1315 ;; Defined at:
  1316 ;;		line 130 in file "projeto_ins_mic.c"
  1317 ;; Parameters:    Size  Location     Type
  1318 ;;		None
  1319 ;; Auto vars:     Size  Location     Type
  1320 ;;		None
  1321 ;; Return value:  Size  Location     Type
  1322 ;;                  1    wreg      void 
  1323 ;; Registers used:
  1324 ;;		wreg, status,2, status,0
  1325 ;; Tracked objects:
  1326 ;;		On entry : 0/0
  1327 ;;		On exit  : 0/0
  1328 ;;		Unchanged: 0/0
  1329 ;; Data sizes:     COMMON   BANK0   BANK1   BANK2
  1330 ;;      Params:         0       0       0       0
  1331 ;;      Locals:         0       0       0       0
  1332 ;;      Temps:          4       0       0       0
  1333 ;;      Totals:         4       0       0       0
  1334 ;;Total ram usage:        4 bytes
  1335 ;; Hardware stack levels used:    1
  1336 ;; This function calls:
  1337 ;;		Nothing
  1338 ;; This function is called by:
  1339 ;;		Interrupt level 1
  1340 ;; This function uses a non-reentrant model
  1341 ;;
  1342                           
  1343                           
  1344                           ;psect for function _myi
  1345  0239                     _myi:	
  1346                           
  1347                           ;projeto_ins_mic.c: 131:     estouro_timer0++;
  1348  0239  3001               	movlw	1
  1349  023A  1283               	bcf	3,5	;RP0=0, select bank0
  1350  023B  1303               	bcf	3,6	;RP1=0, select bank0
  1351  023C  07B6               	addwf	_estouro_timer0,f	;volatile
  1352  023D  1803               	skipnc
  1353  023E  0AB7               	incf	_estouro_timer0+1,f	;volatile
  1354  023F  3000               	movlw	0
  1355  0240  07B7               	addwf	_estouro_timer0+1,f	;volatile
  1356                           
  1357                           ;projeto_ins_mic.c: 132:     TMR0 = 131;
  1358  0241  3083               	movlw	131
  1359  0242  0081               	movwf	1	;volatile
  1360                           
  1361                           ;projeto_ins_mic.c: 133:     T0IF = 0;
  1362  0243  110B               	bcf	11,2	;volatile
  1363                           
  1364                           ;projeto_ins_mic.c: 135:     if(!PORTBbits.RB0 && status_ant){
  1365  0244  1806               	btfsc	6,0	;volatile
  1366  0245  2A50               	goto	i1l988
  1367  0246  0877               	movf	_status_ant,w	;volatile
  1368  0247  0478               	iorwf	_status_ant+1,w	;volatile
  1369  0248  1903               	btfsc	3,2
  1370  0249  2A50               	goto	i1l988
  1371                           
  1372                           ;projeto_ins_mic.c: 136:         cont++;
  1373  024A  3001               	movlw	1
  1374  024B  07B8               	addwf	_cont,f	;volatile
  1375  024C  1803               	skipnc
  1376  024D  0AB9               	incf	_cont+1,f	;volatile
  1377  024E  3000               	movlw	0
  1378  024F  07B9               	addwf	_cont+1,f	;volatile
  1379  0250                     i1l988:	
  1380                           
  1381                           ;projeto_ins_mic.c: 138:     status_ant = PORTBbits.RB0;
  1382  0250  0806               	movf	6,w	;volatile
  1383  0251  3901               	andlw	1
  1384  0252  00F0               	movwf	??_myi
  1385  0253  01F1               	clrf	??_myi+1
  1386  0254  0870               	movf	??_myi,w
  1387  0255  00F7               	movwf	_status_ant	;volatile
  1388  0256  0871               	movf	??_myi+1,w
  1389  0257  00F8               	movwf	_status_ant+1	;volatile
  1390  0258  0873               	movf	??_myi+3,w
  1391  0259  008A               	movwf	10
  1392  025A  0E72               	swapf	(??_myi+2)^(0+4294967168),w
  1393  025B  0083               	movwf	3
  1394  025C  0EFE               	swapf	126,f
  1395  025D  0E7E               	swapf	126,w
  1396  025E  0009               	retfie
  1397  025F                     __end_of_myi:	
  1398  007E                     btemp	set	126	;btemp
  1399  007E                     wtemp0	set	126
  1400                           
  1401                           	psect	intentry
  1402  0004                     __pintentry:	
  1403                           ;incstack = 0
  1404                           ; Regs used in _myi: [wreg+status,2+status,0]
  1405                           
  1406  0004                     interrupt_function:	
  1407  007E                     saved_w	set	btemp
  1408  0004  00FE               	movwf	btemp
  1409  0005  0E03               	swapf	3,w
  1410  0006  00F2               	movwf	??_myi+2
  1411  0007  080A               	movf	10,w
  1412  0008  00F3               	movwf	??_myi+3
  1413  0009  2A39               	ljmp	_myi


Data Sizes:
    Strings     0
    Constant    0
    Data        2
    BSS         7
    Persistent  0
    Stack       0

Auto Spaces:
    Space          Size  Autos    Used
    COMMON           14      7      10
    BANK0            80     20      26
    BANK1            80      0       0
    BANK2            48      0       0

Pointer List with Targets:

    None.

Critical Paths under _main in COMMON

    _atualiza_displays->___lwmod
    ___lwmod->___lwdiv

Critical Paths under _myi in COMMON

    None.

Critical Paths under _main in BANK0

    _main->_atualiza_displays
    _config->_atualiza_displays
    _atualiza_displays->___lwmod
    ___lwmod->___lwdiv

Critical Paths under _myi in BANK0

    None.

Critical Paths under _main in BANK1

    None.

Critical Paths under _myi in BANK1

    None.

Critical Paths under _main in BANK2

    None.

Critical Paths under _myi in BANK2

    None.

Call Graph Tables:

 ---------------------------------------------------------------------------------
 (Depth) Function   	        Calls       Base Space   Used Autos Params    Refs
 ---------------------------------------------------------------------------------
 (0) _main                                                 0     0      0    8184
                  _atualiza_displays
                             _config
 ---------------------------------------------------------------------------------
 (1) _config                                               0     0      0    4092
                  _atualiza_displays
 ---------------------------------------------------------------------------------
 (2) _atualiza_displays                                    9     7      2    4092
                                             11 BANK0      9     7      2
                            ___awdiv
                            ___lwdiv
                            ___lwmod
 ---------------------------------------------------------------------------------
 (3) ___lwmod                                              6     2      4     772
                                              5 COMMON     2     2      0
                                              7 BANK0      4     0      4
                            ___lwdiv (ARG)
 ---------------------------------------------------------------------------------
 (3) ___lwdiv                                              8     4      4     601
                                              4 COMMON     1     1      0
                                              0 BANK0      7     3      4
 ---------------------------------------------------------------------------------
 (3) ___awdiv                                              9     5      4    2065
                                              4 COMMON     1     1      0
                                              0 BANK0      8     4      4
 ---------------------------------------------------------------------------------
 Estimated maximum stack depth 3
 ---------------------------------------------------------------------------------
 (Depth) Function   	        Calls       Base Space   Used Autos Params    Refs
 ---------------------------------------------------------------------------------
 (4) _myi                                                  4     4      0       0
                                              0 COMMON     4     4      0
 ---------------------------------------------------------------------------------
 Estimated maximum stack depth 4
 ---------------------------------------------------------------------------------

 Call Graph Graphs:

 _main (ROOT)
   _atualiza_displays
     ___awdiv
     ___lwdiv
     ___lwmod
       ___lwdiv (ARG)
   _config
     _atualiza_displays
       ___awdiv
       ___lwdiv
       ___lwmod
         ___lwdiv (ARG)

 _myi (ROOT)

 Address spaces:
Name               Size   Autos  Total    Cost      Usage
SFR3                 0      0       0       4        0.0%
BITSFR3              0      0       0       4        0.0%
BANK2               30      0       0       9        0.0%
BITBANK2            30      0       0       8        0.0%
SFR2                 0      0       0       5        0.0%
BITSFR2              0      0       0       5        0.0%
BANK1               50      0       0       7        0.0%
BITBANK1            50      0       0       6        0.0%
SFR1                 0      0       0       2        0.0%
BITSFR1              0      0       0       2        0.0%
BANK0               50     14      1A       3       32.5%
BITBANK0            50      0       0       5        0.0%
SFR0                 0      0       0       1        0.0%
BITSFR0              0      0       0       1        0.0%
COMMON               E      7       A       1       71.4%
BITCOMMON            E      0       0       0        0.0%
CODE                 0      0       0       0        0.0%
DATA                 0      0      24      10        0.0%
ABS                  0      0      24       4        0.0%
NULL                 0      0       0       0        0.0%
STACK                0      0       0       2        0.0%
EEDATA              80      0       0       0        0.0%


Microchip Technology PIC Macro Assembler V2.05 build -831301201 
Symbol Table                                                                                   Tue Jun 04 21:43:42 2024

 atualiza_displays@centenas 0033                 __CFG_CP$OFF 0000                ___awdiv@sign 0025  
                       _GIE 005F                         l998 0178                         _PS0 0408  
                       _PS1 0409                         _PS2 040A                __CFG_CPD$OFF 0000  
                       _PSA 040B                         _myi 0239                __CFG_LVP$OFF 0000  
                      l1004 0183                        l1030 01C2                        l1022 01AF  
                      l1014 018B                        l1016 0199                        l1026 01BA  
                      l1122 0282                        l1052 01F5                        l1044 01D1  
                      l1132 028C                        l1046 01DF                        l1070 021B  
                      l1056 0200                        l1074 0229                        l1068 020D  
                      l1078 0234                        l1086 00B7                        l1088 0111  
 atualiza_displays@unidades 0031                        ?_myi 0070                        _T0IE 005D  
                      _T0IF 005A                        _T0CS 040D                        u1105 01B0  
                      u1300 0099                        u1215 0210                        u1400 010E  
                      u1320 00B4                        u1065 018E                        u1145 01D4  
                      u1314 009C                        u1235 0221                        u1420 0117  
                      u1340 00BD                        u1260 0063                        u1085 019A  
                      u1165 01E0                        u1245 022A                        u1095 01A6  
                      u1175 01EC                        u1440 0132                        u1360 00D8  
                      u1280 007E                        u1185 01F6                        u1434 011A  
                      u1354 00C0                        u1274 0066                        u1460 014D  
                      u1380 00F3                        u1454 0135                        u1374 00DB  
                      u1294 0081                        u1480 0168                        u1474 0150  
                      u1394 00F6                        _PEIE 005E                        _TMR0 0001  
                      _flag 0079                        _cont 0038                        _main 0281  
                      btemp 007E                        start 000A               __CFG_MCLRE$ON 0000  
                     ??_myi 0070                       ?_main 0070             __end_of___awdiv 01C7  
             __CFG_WDTE$OFF 0000                       _CMCON 001F             ___awdiv@divisor 0020  
           __end_of___lwdiv 0205             __end_of___lwmod 0239                       i1l988 0250  
           ___awdiv@counter 0024                       _PORTA 0005                       _PORTB 0006  
                     _TRISA 0085                       _TRISB 0086              __CFG_BOREN$OFF 0000  
                     pclath 000A                       status 0003                       wtemp0 007E  
           __initialization 000B                __end_of_main 029F                      ??_main 0077  
          ___awdiv@dividend 0022           _atualiza_displays 0018          ?_atualiza_displays 002B  
            __CFG_PWRTE$OFF 0000         ??_atualiza_displays 002D                   ??___awdiv 0074  
                 ??___lwdiv 0074                   ??___lwmod 0075                      _config 025F  
          ___awdiv@quotient 0026                __pdataCOMMON 0077                      saved_w 007E  
 __end_of_atualiza_displays 016C     __end_of__initialization 0016              __pcstackCOMMON 0070  
                __pbssBANK0 0034                  __pmaintext 0281                  __pintentry 0004  
                   ?_config 0070  __size_of_atualiza_displays 0154                     ___awdiv 016C  
                   ___lwdiv 01C7                     ___lwmod 0205             __size_of_config 0022  
                   __ptext1 025F                     __ptext2 0018                     __ptext3 0205  
                   __ptext4 01C7                     __ptext5 016C                     __ptext6 0239  
              __size_of_myi 0026        end_of_initialization 0016                   _PORTAbits 0005  
                 _PORTBbits 0006                  _status_ant 0077               __pidataCOMMON 029F  
            __end_of_config 0281         start_initialization 000B                 __end_of_myi 025F  
                  ??_config 0077                 __pbssCOMMON 0079                   ___latbits 0000  
             __pcstackBANK0 0020            ___lwdiv@dividend 0022                    ?___awdiv 0020  
                  ?___lwdiv 0020                    ?___lwmod 0027            ___lwdiv@quotient 0025  
  atualiza_displays@dezenas 0032           interrupt_function 0004            __size_of___awdiv 005B  
          __size_of___lwdiv 003E            __size_of___lwmod 0034             ___lwdiv@divisor 0020  
           ___lwdiv@counter 0024               __size_of_main 001E                    intlevel1 0000  
          ___lwmod@dividend 0029              _estouro_timer0 0036      atualiza_displays@valor 002B  
               _valor_final 0034             ___lwmod@divisor 0027             ___lwmod@counter 0076  
        __CFG_FOSC$INTOSCIO 0000  
